\BOOKMARK [0][-]{chapter.1}{Planning}{}% 1
\BOOKMARK [1][-]{section.1.1}{Team}{chapter.1}% 2
\BOOKMARK [1][-]{section.1.2}{Planning diagram}{chapter.1}% 3
\BOOKMARK [2][-]{subsection.1.2.1}{Estimated planning}{section.1.2}% 4
\BOOKMARK [2][-]{subsection.1.2.2}{Efficient planning}{section.1.2}% 5
\BOOKMARK [0][-]{chapter.2}{Game manual}{}% 6
\BOOKMARK [1][-]{section.2.1}{Installation}{chapter.2}% 7
\BOOKMARK [1][-]{section.2.2}{Level}{chapter.2}% 8
\BOOKMARK [1][-]{section.2.3}{Monsters}{chapter.2}% 9
\BOOKMARK [1][-]{section.2.4}{Controls}{chapter.2}% 10
\BOOKMARK [1][-]{section.2.5}{Spell}{chapter.2}% 11
\BOOKMARK [1][-]{section.2.6}{Retry}{chapter.2}% 12
\BOOKMARK [0][-]{chapter.3}{Software's system}{}% 13
\BOOKMARK [1][-]{section.3.1}{MVC}{chapter.3}% 14
\BOOKMARK [2][-]{subsection.3.1.1}{Model}{section.3.1}% 15
\BOOKMARK [2][-]{subsection.3.1.2}{View}{section.3.1}% 16
\BOOKMARK [2][-]{subsection.3.1.3}{Controller}{section.3.1}% 17
\BOOKMARK [2][-]{subsection.3.1.4}{Contract}{section.3.1}% 18
\BOOKMARK [2][-]{subsection.3.1.5}{Packages}{section.3.1}% 19
\BOOKMARK [1][-]{section.3.2}{Components}{chapter.3}% 20
\BOOKMARK [1][-]{section.3.3}{Sequence in game}{chapter.3}% 21
\BOOKMARK [1][-]{section.3.4}{Database}{chapter.3}% 22
\BOOKMARK [2][-]{subsection.3.4.1}{Map}{section.3.4}% 23
\BOOKMARK [1][-]{section.3.5}{Stored procedures}{chapter.3}% 24
\BOOKMARK [0][-]{chapter.4}{Reports}{}% 25
\BOOKMARK [1][-]{section.4.1}{Git}{chapter.4}% 26
\BOOKMARK [2][-]{subsection.4.1.1}{Contributors participation}{section.4.1}% 27
\BOOKMARK [0][-]{chapter.5}{Personnal assessment}{}% 28
\BOOKMARK [1][-]{section.5.1}{Cl\351ment Chabrier}{chapter.5}% 29
\BOOKMARK [1][-]{section.5.2}{Maxime Zupka}{chapter.5}% 30
\BOOKMARK [1][-]{section.5.3}{Baptiste Saclier}{chapter.5}% 31
